2025-10-01 16:29:24 - Array
(
    [fingerprint_id] => 2
    [place] => Erode
)

2025-10-01 16:55:44 - Array
(
    [fingerprint_id] => 3
    [place] => Erode
)

2025-10-01 17:02:26 - Array
(
    [fingerprint_id] => 2
    [place] => Erode
)

2025-10-01 17:27:07 - Array
(
    [fingerprint_id] => 2
    [place] => Tiruppur
)

2025-10-01 17:29:31 - Array
(
    [fingerprint_id] => 3
    [place] => Tiruppur
)

2025-10-01 17:52:31 - Array
(
    [fingerprint_id] => 2
    [place] => Erode
)

2025-10-01 17:52:56 - Array
(
    [fingerprint_id] => 3
    [place] => Erode
)

2025-10-01 18:08:57 - Array
(
    [fingerprint_id] => 2
    [place] => Tiruppur
)

2025-10-01 18:09:23 - Array
(
    [fingerprint_id] => 3
    [place] => Tiruppur
)

2025-10-01 18:18:47 - Array
(
    [fingerprint_id] => 2
    [place] => Erode
)

2025-10-01 18:21:20 - Array
(
    [fingerprint_id] => 3
    [place] => Erode
)

2025-10-01 18:21:27 - Array
(
    [fingerprint_id] => 4
    [place] => Erode
)

2025-10-01 18:39:28 - Array
(
    [fingerprint_id] => 2
    [place] => Tiruppur
)

2025-10-01 19:22:51 - Array
(
    [fingerprint_id] => 2
    [place] => Erode
)

2025-10-01 19:26:09 - Array
(
    [fingerprint_id] => 3
    [place] => Tiruppur
)

2025-10-04 13:38:30 - Array
(
    [fingerprint_id] => 2
    [place] => Coimbatore
)

2025-10-04 13:43:04 - Array
(
    [fingerprint_id] => 3
    [place] => Coimbatore
)

2025-10-04 13:43:21 - Array
(
    [fingerprint_id] => 4
    [place] => Coimbatore
)

2025-11-17 18:14:23 - Array
(
    [fingerprint_id] => 4
    [place] => Tiruppur
)

2025-11-17 18:19:00 - Array
(
    [fingerprint_id] => 2
    [place] => Tiruppur
)

2025-11-17 18:20:42 - Array
(
    [fingerprint_id] => 2
    [place] => Tiruppur
)

